Command line:
   sequential_tb_isim_beh.exe
     -simmode  gui
     -simrunnum  0
     -socket  54383

Wed Jan 25 09:15:13 2023


 Elaboration Time: 0.03 sec

 Current Memory Usage: 229.462 Meg

 Total Signals          : 19
 Total Nets             : 22
 Total Signal Drivers   : 12
 Total Blocks           : 3
 Total Primitive Blocks : 2
 Total Processes        : 6
 Total Traceable Variables  : 9
 Total Scalar Nets and Variables : 383
Total Line Count : 84

 Total Simulation Time: 0.1 sec

 Current Memory Usage: 304.964 Meg

Wed Jan 25 09:16:21 2023

