Release 14.7 - xst P.20131013 (lin64)
Copyright (c) 1995-2013 Xilinx, Inc.  All rights reserved.
--> 
Parameter TMPDIR set to xst/projnav.tmp


Total REAL time to Xst completion: 1.00 secs
Total CPU time to Xst completion: 0.00 secs
 
--> 
Parameter xsthdpdir set to xst


Total REAL time to Xst completion: 1.00 secs
Total CPU time to Xst completion: 0.00 secs
 
--> 
Reading design: peso_de_hamming.prj

TABLE OF CONTENTS
  1) Synthesis Options Summary
  2) HDL Compilation
  3) Design Hierarchy Analysis
  4) HDL Analysis
  5) HDL Synthesis
     5.1) HDL Synthesis Report
  6) Advanced HDL Synthesis
     6.1) Advanced HDL Synthesis Report
  7) Low Level Synthesis
  8) Partition Report
  9) Final Report
	9.1) Device utilization summary
	9.2) Partition Resource Summary
	9.3) TIMING REPORT


=========================================================================
*                      Synthesis Options Summary                        *
=========================================================================
---- Source Parameters
Input File Name                    : "peso_de_hamming.prj"
Input Format                       : mixed
Ignore Synthesis Constraint File   : NO

---- Target Parameters
Output File Name                   : "peso_de_hamming"
Output Format                      : NGC
Target Device                      : xc3s1200e-5-fg320

---- Source Options
Top Module Name                    : peso_de_hamming
Automatic FSM Extraction           : YES
FSM Encoding Algorithm             : Auto
Safe Implementation                : No
FSM Style                          : LUT
RAM Extraction                     : Yes
RAM Style                          : Auto
ROM Extraction                     : Yes
Mux Style                          : Auto
Decoder Extraction                 : YES
Priority Encoder Extraction        : Yes
Shift Register Extraction          : YES
Logical Shifter Extraction         : YES
XOR Collapsing                     : YES
ROM Style                          : Auto
Mux Extraction                     : Yes
Resource Sharing                   : YES
Asynchronous To Synchronous        : NO
Multiplier Style                   : Auto
Automatic Register Balancing       : No

---- Target Options
Add IO Buffers                     : YES
Global Maximum Fanout              : 100000
Add Generic Clock Buffer(BUFG)     : 24
Register Duplication               : YES
Slice Packing                      : YES
Optimize Instantiated Primitives   : NO
Use Clock Enable                   : Yes
Use Synchronous Set                : Yes
Use Synchronous Reset              : Yes
Pack IO Registers into IOBs        : Auto
Equivalent register Removal        : YES

---- General Options
Optimization Goal                  : Speed
Optimization Effort                : 1
Keep Hierarchy                     : No
Netlist Hierarchy                  : As_Optimized
RTL Output                         : Yes
Global Optimization                : AllClockNets
Read Cores                         : YES
Write Timing Constraints           : NO
Cross Clock Analysis               : NO
Hierarchy Separator                : /
Bus Delimiter                      : <>
Case Specifier                     : Maintain
Slice Utilization Ratio            : 100
BRAM Utilization Ratio             : 100
Verilog 2001                       : YES
Auto BRAM Packing                  : NO
Slice Utilization Ratio Delta      : 5

=========================================================================


=========================================================================
*                          HDL Compilation                              *
=========================================================================
Compiling vhdl file "/home/pedrot/Desktop/microeletronica/Lab 3/peso_de_hamming/peso_de_hamming.vhd" in Library work.
Entity <peso_de_hamming> compiled.
Entity <peso_de_hamming> (Architecture <behavioral>) compiled.

=========================================================================
*                     Design Hierarchy Analysis                         *
=========================================================================
Analyzing hierarchy for entity <peso_de_hamming> in library <work> (architecture <behavioral>) with generics.
	N = 8


=========================================================================
*                            HDL Analysis                               *
=========================================================================
Analyzing generic Entity <peso_de_hamming> in library <work> (Architecture <behavioral>).
	N = 8
Entity <peso_de_hamming> analyzed. Unit <peso_de_hamming> generated.


=========================================================================
*                           HDL Synthesis                               *
=========================================================================

Performing bidirectional port resolution...

Synthesizing Unit <peso_de_hamming>.
    Related source file is "/home/pedrot/Desktop/microeletronica/Lab 3/peso_de_hamming/peso_de_hamming.vhd".
    Found 16x7-bit ROM for signal <ssd$mux0000>.
    Found 31-bit adder for signal <soma_2$addsub0000> created at line 31.
    Found 31-bit adder for signal <soma_3$addsub0000> created at line 31.
    Found 31-bit adder for signal <soma_4$addsub0000> created at line 31.
    Found 31-bit adder for signal <soma_5$addsub0000> created at line 31.
    Found 31-bit adder for signal <soma_6$addsub0000> created at line 31.
    Found 31-bit adder for signal <soma_7$addsub0000> created at line 31.
    Found 31-bit adder for signal <soma_8$addsub0000> created at line 31.
    Summary:
	inferred   1 ROM(s).
	inferred   7 Adder/Subtractor(s).
Unit <peso_de_hamming> synthesized.


=========================================================================
HDL Synthesis Report

Macro Statistics
# ROMs                                                 : 1
 16x7-bit ROM                                          : 1
# Adders/Subtractors                                   : 7
 31-bit adder                                          : 7

=========================================================================

=========================================================================
*                       Advanced HDL Synthesis                          *
=========================================================================


=========================================================================
Advanced HDL Synthesis Report

Macro Statistics
# ROMs                                                 : 1
 16x7-bit ROM                                          : 1
# Adders/Subtractors                                   : 7
 31-bit adder                                          : 7

=========================================================================

=========================================================================
*                         Low Level Synthesis                           *
=========================================================================

Optimizing unit <peso_de_hamming> ...

Mapping all equations...
Building and optimizing final netlist ...
Found area constraint ratio of 100 (+ 5) on block peso_de_hamming, actual ratio is 0.

Final Macro Processing ...

=========================================================================
Final Register Report

Found no macro
=========================================================================

=========================================================================
*                           Partition Report                            *
=========================================================================

Partition Implementation Status
-------------------------------

  No Partitions were found in this design.

-------------------------------

=========================================================================
*                            Final Report                               *
=========================================================================
Final Results
RTL Top Level Output File Name     : peso_de_hamming.ngr
Top Level Output File Name         : peso_de_hamming
Output Format                      : NGC
Optimization Goal                  : Speed
Keep Hierarchy                     : No

Design Statistics
# IOs                              : 19

Cell Usage :
# BELS                             : 131
#      GND                         : 1
#      LUT2                        : 7
#      LUT3                        : 29
#      LUT4                        : 25
#      MUXCY                       : 27
#      MUXF5                       : 8
#      VCC                         : 1
#      XORCY                       : 33
# IO Buffers                       : 19
#      IBUF                        : 8
#      OBUF                        : 11
=========================================================================

Device utilization summary:
---------------------------

Selected Device : 3s1200efg320-5 

 Number of Slices:                       40  out of   8672     0%  
 Number of 4 input LUTs:                 61  out of  17344     0%  
 Number of IOs:                          19
 Number of bonded IOBs:                  19  out of    250     7%  

---------------------------
Partition Resource Summary:
---------------------------

  No Partitions were found in this design.

---------------------------


=========================================================================
TIMING REPORT

NOTE: THESE TIMING NUMBERS ARE ONLY A SYNTHESIS ESTIMATE.
      FOR ACCURATE TIMING INFORMATION PLEASE REFER TO THE TRACE REPORT
      GENERATED AFTER PLACE-and-ROUTE.

Clock Information:
------------------
No clock signals found in this design

Asynchronous Control Signals Information:
----------------------------------------
No asynchronous control signals found in this design

Timing Summary:
---------------
Speed Grade: -5

   Minimum period: No path found
   Minimum input arrival time before clock: No path found
   Maximum output required time after clock: No path found
   Maximum combinational path delay: 22.668ns

Timing Detail:
--------------
All values displayed in nanoseconds (ns)

=========================================================================
Timing constraint: Default path analysis
  Total number of paths / destination ports: 294766 / 7
-------------------------------------------------------------------------
Delay:               22.668ns (Levels of Logic = 25)
  Source:            vector_in<1> (PAD)
  Destination:       ssd<2> (PAD)

  Data Path: vector_in<1> to ssd<2>
                                Gate     Net
    Cell:in->out      fanout   Delay   Delay  Logical Name (Net Name)
    ----------------------------------------  ------------
     IBUF:I->O             6   1.106   0.721  vector_in_1_IBUF (vector_in_1_IBUF)
     LUT2:I0->O            1   0.612   0.000  Madd_soma_3_addsub0000_lut<0> (Madd_soma_3_addsub0000_lut<0>)
     MUXCY:S->O            1   0.404   0.000  Madd_soma_3_addsub0000_cy<0> (Madd_soma_3_addsub0000_cy<0>)
     MUXCY:CI->O           0   0.052   0.000  Madd_soma_3_addsub0000_cy<1> (Madd_soma_3_addsub0000_cy<1>)
     XORCY:CI->O           3   0.699   0.520  Madd_soma_3_addsub0000_xor<2> (soma_3_addsub0000<2>)
     LUT2:I1->O            1   0.612   0.000  soma_3_mux0000<2>11 (soma_3_mux0000<2>1)
     MUXCY:S->O            0   0.404   0.000  Madd_soma_4_addsub0000_cy<2> (Madd_soma_4_addsub0000_cy<2>)
     XORCY:CI->O           3   0.699   0.520  Madd_soma_4_addsub0000_xor<3> (soma_4_addsub0000<3>)
     LUT2:I1->O            1   0.612   0.000  soma_4_mux0000<3>11 (soma_4_mux0000<3>1)
     MUXCY:S->O            0   0.404   0.000  Madd_soma_5_addsub0000_cy<3> (Madd_soma_5_addsub0000_cy<3>)
     XORCY:CI->O           3   0.699   0.520  Madd_soma_5_addsub0000_xor<4> (soma_5_addsub0000<4>)
     LUT2:I1->O            1   0.612   0.000  soma_5_mux0000<4>11 (soma_5_mux0000<4>1)
     MUXCY:S->O            0   0.404   0.000  Madd_soma_6_addsub0000_cy<4> (Madd_soma_6_addsub0000_cy<4>)
     XORCY:CI->O           3   0.699   0.520  Madd_soma_6_addsub0000_xor<5> (soma_6_addsub0000<5>)
     LUT2:I1->O            1   0.612   0.000  soma_6_mux0000<5>11 (soma_6_mux0000<5>1)
     MUXCY:S->O            0   0.404   0.000  Madd_soma_7_addsub0000_cy<5> (Madd_soma_7_addsub0000_cy<5>)
     XORCY:CI->O           2   0.699   0.449  Madd_soma_7_addsub0000_xor<6> (soma_7_addsub0000<6>)
     LUT2:I1->O            1   0.612   0.000  soma_7_mux0000<6>11 (soma_7_mux0000<6>1)
     MUXCY:S->O            0   0.404   0.000  Madd_soma_8_addsub0000_cy<6> (Madd_soma_8_addsub0000_cy<6>)
     XORCY:CI->O           1   0.699   0.360  Madd_soma_8_addsub0000_xor<7> (soma_8_addsub0000<7>)
     LUT4:I3->O            1   0.612   0.426  ssd_and000035_SW1 (N27)
     LUT4:I1->O            9   0.612   0.700  ssd_and000035 (ssd_and0000)
     LUT4:I3->O            1   0.612   0.509  ssd<2>_SW1 (N25)
     LUT4:I0->O            1   0.612   0.357  ssd<2> (ssd_2_OBUF)
     OBUF:I->O                 3.169          ssd_2_OBUF (ssd<2>)
    ----------------------------------------
    Total                     22.668ns (17.065ns logic, 5.603ns route)
                                       (75.3% logic, 24.7% route)

=========================================================================


Total REAL time to Xst completion: 6.00 secs
Total CPU time to Xst completion: 4.74 secs
 
--> 


Total memory usage is 516624 kilobytes

Number of errors   :    0 (   0 filtered)
Number of warnings :    0 (   0 filtered)
Number of infos    :    0 (   0 filtered)

