Release 14.7 Map P.20131013 (lin64)
Xilinx Mapping Report File for Design 'circuito_aritimetico'

Design Information
------------------
Command Line   : map -intstyle ise -p xc3s500e-fg320-5 -cm area -ir off -pr off
-c 100 -o circuito_aritimetico_map.ncd circuito_aritimetico.ngd
circuito_aritimetico.pcf 
Target Device  : xc3s500e
Target Package : fg320
Target Speed   : -5
Mapper Version : spartan3e -- $Revision: 1.55 $
Mapped Date    : Thu Jan 19 20:48:21 2023

Design Summary
--------------
Number of errors   :   2
Number of warnings :   0

Section 1 - Errors
------------------
ERROR:Map:116 - The design is empty.  No processing will be done.
ERROR:Map:52 - Problem encountered processing RPMs.



Section 2 - Warnings
--------------------

Section 3 - Informational
-------------------------
