Command line:
   bcd7_tb_isim_beh.exe
     -simmode  gui
     -simrunnum  0
     -socket  53673

Tue Nov 29 17:09:22 2022


 Elaboration Time: 0.02 sec

 Current Memory Usage: 229.462 Meg

 Total Signals          : 23
 Total Nets             : 12
 Total Signal Drivers   : 12
 Total Blocks           : 3
 Total Primitive Blocks : 2
 Total Processes        : 12
 Total Traceable Variables  : 8
 Total Scalar Nets and Variables : 372
Total Line Count : 12

 Total Simulation Time: 0.1 sec

 Current Memory Usage: 304.964 Meg

Tue Nov 29 17:11:23 2022

