Command line:
   mag_comparer_tb_isim_beh.exe
     -simmode  gui
     -simrunnum  0
     -socket  44221

Wed Dec  7 13:54:24 2022


 Elaboration Time: 0.05 sec

 Current Memory Usage: 229.462 Meg

 Total Signals          : 14
 Total Nets             : 7
 Total Signal Drivers   : 7
 Total Blocks           : 3
 Total Primitive Blocks : 2
 Total Processes        : 7
 Total Traceable Variables  : 8
 Total Scalar Nets and Variables : 367
Total Line Count : 7

 Total Simulation Time: 0.29 sec

 Current Memory Usage: 304.964 Meg

Wed Dec  7 13:57:36 2022

