Command line:
   demux2bits_tb_isim_beh.exe
     -simmode  gui
     -simrunnum  0
     -socket  50845

Tue Nov 22 10:45:34 2022


 Elaboration Time: 0.04 sec

 Current Memory Usage: 229.45 Meg

 Total Signals          : 12
 Total Nets             : 6
 Total Signal Drivers   : 6
 Total Blocks           : 3
 Total Primitive Blocks : 2
 Total Processes        : 6
 Total Traceable Variables  : 8
 Total Scalar Nets and Variables : 366
Total Line Count : 6

 Total Simulation Time: 0.04 sec

 Current Memory Usage: 304.951 Meg

Tue Nov 22 10:45:48 2022

