Command line:
   demux_tb_isim_beh.exe
     -simmode  gui
     -simrunnum  0
     -socket  54051

Sun Nov 27 09:42:25 2022


 Elaboration Time: 0.12 sec

 Current Memory Usage: 229.454 Meg

 Total Signals          : 22
 Total Nets             : 11
 Total Signal Drivers   : 11
 Total Blocks           : 3
 Total Primitive Blocks : 2
 Total Processes        : 11
 Total Traceable Variables  : 8
 Total Scalar Nets and Variables : 371
Total Line Count : 11

 Total Simulation Time: 0.16 sec

 Current Memory Usage: 304.955 Meg

Sun Nov 27 09:42:39 2022

