Command line:
   and_tb_isim_beh.exe
     -simmode  gui
     -simrunnum  0
     -socket  51343

Thu Nov 17 13:55:02 2022


 Elaboration Time: 0.03 sec

 Current Memory Usage: 229.45 Meg

 Total Signals          : 6
 Total Nets             : 3
 Total Signal Drivers   : 3
 Total Blocks           : 3
 Total Primitive Blocks : 2
 Total Processes        : 2
 Total Traceable Variables  : 8
 Total Scalar Nets and Variables : 363
Total Line Count : 8

 Total Simulation Time: 0.06 sec

 Current Memory Usage: 304.951 Meg

Thu Nov 17 13:55:35 2022

