--------------------------------------------------------------------------------
Release 14.7 Trace  (lin64)
Copyright (c) 1995-2013 Xilinx, Inc.  All rights reserved.

/home/pedrot/Desktop/14.7/ISE_DS/ISE/bin/lin64/unwrapped/trce -intstyle ise -v
3 -s 5 -n 3 -fastpaths -xml bcd7E.twx bcd7E.ncd -o bcd7E.twr bcd7E.pcf -ucf
pins.ucf

Design file:              bcd7E.ncd
Physical constraint file: bcd7E.pcf
Device,package,speed:     xc3s500e,fg320,-5 (PRODUCTION 1.27 2013-10-13)
Report level:             verbose report

Environment Variable      Effect 
--------------------      ------ 
NONE                      No environment variables were set
--------------------------------------------------------------------------------

INFO:Timing:2698 - No timing constraints found, doing default enumeration.
INFO:Timing:3412 - To improve timing, see the Timing Closure User Guide (UG612).
INFO:Timing:2752 - To get complete path coverage, use the unconstrained paths 
   option. All paths that are not constrained will be reported in the 
   unconstrained paths section(s) of the report.
INFO:Timing:3339 - The clock-to-out numbers in this timing report are based on 
   a 50 Ohm transmission line loading model.  For the details of this model, 
   and for more information on accounting for different loading conditions, 
   please see the device datasheet.
INFO:Timing:3390 - This architecture does not support a default System Jitter 
   value, please add SYSTEM_JITTER constraint to the UCF to modify the Clock 
   Uncertainty calculation.
INFO:Timing:3389 - This architecture does not support 'Discrete Jitter' and 
   'Phase Error' calculations, these terms will be zero in the Clock 
   Uncertainty calculation.  Please make appropriate modification to 
   SYSTEM_JITTER to account for the unsupported Discrete Jitter and Phase 
   Error.



Data Sheet report:
-----------------
All values displayed in nanoseconds (ns)

Pad to Pad
---------------+---------------+---------+
Source Pad     |Destination Pad|  Delay  |
---------------+---------------+---------+
D0             |A              |    6.201|
D0             |B              |    6.118|
D0             |C              |    6.991|
D0             |D              |    6.573|
D0             |E              |    6.342|
D0             |F              |    6.111|
D0             |G              |    5.898|
D1             |A              |    6.819|
D1             |B              |    6.588|
D1             |C              |    7.192|
D1             |D              |    7.224|
D1             |E              |    6.291|
D1             |F              |    6.530|
D1             |G              |    5.897|
D2             |A              |    7.315|
D2             |B              |    7.076|
D2             |C              |    6.868|
D2             |D              |    7.664|
D2             |E              |    6.384|
D2             |F              |    7.074|
D2             |G              |    5.963|
D3             |A              |    7.618|
D3             |B              |    7.524|
D3             |C              |    7.799|
D3             |D              |    8.017|
D3             |E              |    6.740|
D3             |F              |    7.488|
D3             |G              |    7.126|
ENABLE         |A              |    8.565|
ENABLE         |B              |    8.471|
ENABLE         |C              |    8.746|
ENABLE         |D              |    8.964|
ENABLE         |E              |    7.628|
ENABLE         |F              |    8.435|
ENABLE         |G              |    8.073|
---------------+---------------+---------+


Analysis completed Wed Dec  7 14:18:36 2022 
--------------------------------------------------------------------------------

Trace Settings:
-------------------------
Trace Settings 

Peak Memory Usage: 347 MB



