--------------------------------------------------------------------------------
Release 14.7 Trace  (lin64)
Copyright (c) 1995-2013 Xilinx, Inc.  All rights reserved.

/home/pedrot/Desktop/14.7/ISE_DS/ISE/bin/lin64/unwrapped/trce -intstyle ise -v
3 -s 5 -n 3 -fastpaths -xml bcd7.twx bcd7.ncd -o bcd7.twr bcd7.pcf

Design file:              bcd7.ncd
Physical constraint file: bcd7.pcf
Device,package,speed:     xc3s500e,fg320,-5 (PRODUCTION 1.27 2013-10-13)
Report level:             verbose report

Environment Variable      Effect 
--------------------      ------ 
NONE                      No environment variables were set
--------------------------------------------------------------------------------

INFO:Timing:2698 - No timing constraints found, doing default enumeration.
INFO:Timing:3412 - To improve timing, see the Timing Closure User Guide (UG612).
INFO:Timing:2752 - To get complete path coverage, use the unconstrained paths 
   option. All paths that are not constrained will be reported in the 
   unconstrained paths section(s) of the report.
INFO:Timing:3339 - The clock-to-out numbers in this timing report are based on 
   a 50 Ohm transmission line loading model.  For the details of this model, 
   and for more information on accounting for different loading conditions, 
   please see the device datasheet.
INFO:Timing:3390 - This architecture does not support a default System Jitter 
   value, please add SYSTEM_JITTER constraint to the UCF to modify the Clock 
   Uncertainty calculation.
INFO:Timing:3389 - This architecture does not support 'Discrete Jitter' and 
   'Phase Error' calculations, these terms will be zero in the Clock 
   Uncertainty calculation.  Please make appropriate modification to 
   SYSTEM_JITTER to account for the unsupported Discrete Jitter and Phase 
   Error.



Data Sheet report:
-----------------
All values displayed in nanoseconds (ns)

Pad to Pad
---------------+---------------+---------+
Source Pad     |Destination Pad|  Delay  |
---------------+---------------+---------+
D0             |A              |    5.961|
D0             |B              |    6.193|
D0             |C              |    5.741|
D0             |D              |    5.825|
D0             |E              |    5.943|
D0             |F              |    5.558|
D0             |G              |    5.644|
D1             |A              |    5.737|
D1             |B              |    5.851|
D1             |C              |    5.517|
D1             |D              |    5.578|
D1             |E              |    5.545|
D1             |F              |    5.311|
D1             |G              |    5.219|
D2             |A              |    6.682|
D2             |B              |    5.736|
D2             |C              |    6.462|
D2             |D              |    6.496|
D2             |E              |    5.463|
D2             |F              |    6.229|
D2             |G              |    5.481|
D3             |A              |    5.886|
D3             |B              |    5.942|
D3             |C              |    5.666|
D3             |D              |    5.694|
D3             |E              |    5.642|
D3             |F              |    5.427|
D3             |G              |    5.236|
---------------+---------------+---------+


Analysis completed Sun Nov 27 15:48:54 2022 
--------------------------------------------------------------------------------

Trace Settings:
-------------------------
Trace Settings 

Peak Memory Usage: 347 MB



