Release 14.7 - xst P.20131013 (lin64)
Copyright (c) 1995-2013 Xilinx, Inc.  All rights reserved.
--> 
Parameter TMPDIR set to xst/projnav.tmp


Total REAL time to Xst completion: 0.00 secs
Total CPU time to Xst completion: 0.03 secs
 
--> 
Parameter xsthdpdir set to xst


Total REAL time to Xst completion: 0.00 secs
Total CPU time to Xst completion: 0.03 secs
 
--> 
Reading design: ordenador_binario.prj

TABLE OF CONTENTS
  1) Synthesis Options Summary
  2) HDL Compilation
  3) Design Hierarchy Analysis
  4) HDL Analysis
  5) HDL Synthesis
     5.1) HDL Synthesis Report
  6) Advanced HDL Synthesis
     6.1) Advanced HDL Synthesis Report
  7) Low Level Synthesis
  8) Partition Report
  9) Final Report
	9.1) Device utilization summary
	9.2) Partition Resource Summary
	9.3) TIMING REPORT


=========================================================================
*                      Synthesis Options Summary                        *
=========================================================================
---- Source Parameters
Input File Name                    : "ordenador_binario.prj"
Input Format                       : mixed
Ignore Synthesis Constraint File   : NO

---- Target Parameters
Output File Name                   : "ordenador_binario"
Output Format                      : NGC
Target Device                      : xc3s1200e-5-fg320

---- Source Options
Top Module Name                    : ordenador_binario
Automatic FSM Extraction           : YES
FSM Encoding Algorithm             : Auto
Safe Implementation                : No
FSM Style                          : LUT
RAM Extraction                     : Yes
RAM Style                          : Auto
ROM Extraction                     : Yes
Mux Style                          : Auto
Decoder Extraction                 : YES
Priority Encoder Extraction        : Yes
Shift Register Extraction          : YES
Logical Shifter Extraction         : YES
XOR Collapsing                     : YES
ROM Style                          : Auto
Mux Extraction                     : Yes
Resource Sharing                   : YES
Asynchronous To Synchronous        : NO
Multiplier Style                   : Auto
Automatic Register Balancing       : No

---- Target Options
Add IO Buffers                     : YES
Global Maximum Fanout              : 100000
Add Generic Clock Buffer(BUFG)     : 24
Register Duplication               : YES
Slice Packing                      : YES
Optimize Instantiated Primitives   : NO
Use Clock Enable                   : Yes
Use Synchronous Set                : Yes
Use Synchronous Reset              : Yes
Pack IO Registers into IOBs        : Auto
Equivalent register Removal        : YES

---- General Options
Optimization Goal                  : Speed
Optimization Effort                : 1
Keep Hierarchy                     : No
Netlist Hierarchy                  : As_Optimized
RTL Output                         : Yes
Global Optimization                : AllClockNets
Read Cores                         : YES
Write Timing Constraints           : NO
Cross Clock Analysis               : NO
Hierarchy Separator                : /
Bus Delimiter                      : <>
Case Specifier                     : Maintain
Slice Utilization Ratio            : 100
BRAM Utilization Ratio             : 100
Verilog 2001                       : YES
Auto BRAM Packing                  : NO
Slice Utilization Ratio Delta      : 5

=========================================================================


=========================================================================
*                          HDL Compilation                              *
=========================================================================
Compiling vhdl file "/home/pedrot/Desktop/microeletronica/Lab 3/ordenador_binario/ordenador_binario.vhd" in Library work.
Entity <ordenador_binario> compiled.
Entity <ordenador_binario> (Architecture <behavioral>) compiled.

=========================================================================
*                     Design Hierarchy Analysis                         *
=========================================================================
Analyzing hierarchy for entity <ordenador_binario> in library <work> (architecture <behavioral>) with generics.
	N = 8


=========================================================================
*                            HDL Analysis                               *
=========================================================================
Analyzing generic Entity <ordenador_binario> in library <work> (Architecture <behavioral>).
	N = 8
Entity <ordenador_binario> analyzed. Unit <ordenador_binario> generated.


=========================================================================
*                           HDL Synthesis                               *
=========================================================================

Performing bidirectional port resolution...

Synthesizing Unit <ordenador_binario>.
    Related source file is "/home/pedrot/Desktop/microeletronica/Lab 3/ordenador_binario/ordenador_binario.vhd".
WARNING:Xst:653 - Signal <soma<0>> is used but never assigned. This sourceless signal will be automatically connected to value 0000000000000000000000000000000.
    Found 31-bit adder for signal <soma_1$addsub0000> created at line 21.
    Found 31-bit adder for signal <soma_2$addsub0000> created at line 21.
    Found 31-bit adder for signal <soma_3$addsub0000> created at line 21.
    Found 31-bit adder for signal <soma_4$addsub0000> created at line 21.
    Found 31-bit adder for signal <soma_5$addsub0000> created at line 21.
    Found 31-bit adder for signal <soma_6$addsub0000> created at line 21.
    Found 31-bit adder for signal <soma_7$addsub0000> created at line 21.
    Found 31-bit adder for signal <soma_8$addsub0000> created at line 21.
    Found 32-bit comparator lessequal for signal <vector_out_0$cmp_le0000> created at line 25.
    Found 32-bit comparator lessequal for signal <vector_out_1$cmp_le0000> created at line 25.
    Found 32-bit adder for signal <vector_out_1$sub0000> created at line 25.
    Found 32-bit comparator lessequal for signal <vector_out_2$cmp_le0000> created at line 25.
    Found 32-bit comparator lessequal for signal <vector_out_3$cmp_le0000> created at line 25.
    Found 32-bit comparator lessequal for signal <vector_out_4$cmp_le0000> created at line 25.
    Found 32-bit comparator lessequal for signal <vector_out_5$cmp_le0000> created at line 25.
    Found 32-bit comparator lessequal for signal <vector_out_6$cmp_le0000> created at line 25.
    Found 32-bit comparator lessequal for signal <vector_out_7$cmp_le0000> created at line 25.
    Summary:
	inferred   9 Adder/Subtractor(s).
	inferred   8 Comparator(s).
Unit <ordenador_binario> synthesized.


=========================================================================
HDL Synthesis Report

Macro Statistics
# Adders/Subtractors                                   : 9
 31-bit adder                                          : 8
 32-bit adder                                          : 1
# Comparators                                          : 8
 32-bit comparator lessequal                           : 8

=========================================================================

=========================================================================
*                       Advanced HDL Synthesis                          *
=========================================================================


=========================================================================
Advanced HDL Synthesis Report

Macro Statistics
# Adders/Subtractors                                   : 9
 31-bit adder                                          : 8
 32-bit adder                                          : 1
# Comparators                                          : 8
 32-bit comparator lessequal                           : 8

=========================================================================

=========================================================================
*                         Low Level Synthesis                           *
=========================================================================

Optimizing unit <ordenador_binario> ...

Mapping all equations...
Building and optimizing final netlist ...
Found area constraint ratio of 100 (+ 5) on block ordenador_binario, actual ratio is 1.

Final Macro Processing ...

=========================================================================
Final Register Report

Found no macro
=========================================================================

=========================================================================
*                           Partition Report                            *
=========================================================================

Partition Implementation Status
-------------------------------

  No Partitions were found in this design.

-------------------------------

=========================================================================
*                            Final Report                               *
=========================================================================
Final Results
RTL Top Level Output File Name     : ordenador_binario.ngr
Top Level Output File Name         : ordenador_binario
Output Format                      : NGC
Optimization Goal                  : Speed
Keep Hierarchy                     : No

Design Statistics
# IOs                              : 16

Cell Usage :
# BELS                             : 337
#      GND                         : 1
#      INV                         : 14
#      LUT1                        : 3
#      LUT2                        : 10
#      LUT3                        : 39
#      LUT4                        : 67
#      MUXCY                       : 135
#      VCC                         : 1
#      XORCY                       : 67
# IO Buffers                       : 16
#      IBUF                        : 8
#      OBUF                        : 8
=========================================================================

Device utilization summary:
---------------------------

Selected Device : 3s1200efg320-5 

 Number of Slices:                       87  out of   8672     1%  
 Number of 4 input LUTs:                133  out of  17344     0%  
 Number of IOs:                          16
 Number of bonded IOBs:                  16  out of    250     6%  

---------------------------
Partition Resource Summary:
---------------------------

  No Partitions were found in this design.

---------------------------


=========================================================================
TIMING REPORT

NOTE: THESE TIMING NUMBERS ARE ONLY A SYNTHESIS ESTIMATE.
      FOR ACCURATE TIMING INFORMATION PLEASE REFER TO THE TRACE REPORT
      GENERATED AFTER PLACE-and-ROUTE.

Clock Information:
------------------
No clock signals found in this design

Asynchronous Control Signals Information:
----------------------------------------
No asynchronous control signals found in this design

Timing Summary:
---------------
Speed Grade: -5

   Minimum period: No path found
   Minimum input arrival time before clock: No path found
   Maximum output required time after clock: No path found
   Maximum combinational path delay: 25.573ns

Timing Detail:
--------------
All values displayed in nanoseconds (ns)

=========================================================================
Timing constraint: Default path analysis
  Total number of paths / destination ports: 9293759 / 8
-------------------------------------------------------------------------
Delay:               25.573ns (Levels of Logic = 50)
  Source:            vector_in<0> (PAD)
  Destination:       vector_out<1> (PAD)

  Data Path: vector_in<0> to vector_out<1>
                                Gate     Net
    Cell:in->out      fanout   Delay   Delay  Logical Name (Net Name)
    ----------------------------------------  ------------
     IBUF:I->O             3   1.106   0.451  vector_in_0_IBUF (soma<1><0>)
     INV:I->O              1   0.612   0.000  Madd_soma_2_addsub0000_lut<0>_INV_0 (Madd_soma_2_addsub0000_lut<0>)
     MUXCY:S->O            0   0.404   0.000  Madd_soma_2_addsub0000_cy<0> (Madd_soma_2_addsub0000_cy<0>)
     XORCY:CI->O           3   0.699   0.520  Madd_soma_2_addsub0000_xor<1> (soma_2_addsub0000<1>)
     LUT2:I1->O            1   0.612   0.000  soma_2_mux0000<1>11 (soma_2_mux0000<1>1)
     MUXCY:S->O            0   0.404   0.000  Madd_soma_3_addsub0000_cy<1> (Madd_soma_3_addsub0000_cy<1>)
     XORCY:CI->O           3   0.699   0.520  Madd_soma_3_addsub0000_xor<2> (soma_3_addsub0000<2>)
     LUT2:I1->O            1   0.612   0.000  soma_3_mux0000<2>11 (soma_3_mux0000<2>1)
     MUXCY:S->O            0   0.404   0.000  Madd_soma_4_addsub0000_cy<2> (Madd_soma_4_addsub0000_cy<2>)
     XORCY:CI->O           3   0.699   0.520  Madd_soma_4_addsub0000_xor<3> (soma_4_addsub0000<3>)
     LUT2:I1->O            1   0.612   0.000  soma_4_mux0000<3>11 (soma_4_mux0000<3>1)
     MUXCY:S->O            0   0.404   0.000  Madd_soma_5_addsub0000_cy<3> (Madd_soma_5_addsub0000_cy<3>)
     XORCY:CI->O           3   0.699   0.520  Madd_soma_5_addsub0000_xor<4> (soma_5_addsub0000<4>)
     LUT2:I1->O            1   0.612   0.000  soma_5_mux0000<4>11 (soma_5_mux0000<4>1)
     MUXCY:S->O            0   0.404   0.000  Madd_soma_6_addsub0000_cy<4> (Madd_soma_6_addsub0000_cy<4>)
     XORCY:CI->O           3   0.699   0.520  Madd_soma_6_addsub0000_xor<5> (soma_6_addsub0000<5>)
     LUT2:I1->O            1   0.612   0.000  soma_6_mux0000<5>11 (soma_6_mux0000<5>1)
     MUXCY:S->O            0   0.404   0.000  Madd_soma_7_addsub0000_cy<5> (Madd_soma_7_addsub0000_cy<5>)
     XORCY:CI->O           2   0.699   0.449  Madd_soma_7_addsub0000_xor<6> (soma_7_addsub0000<6>)
     LUT2:I1->O            1   0.612   0.000  soma_7_mux0000<6>11 (soma_7_mux0000<6>1)
     MUXCY:S->O            0   0.404   0.000  Madd_soma_8_addsub0000_cy<6> (Madd_soma_8_addsub0000_cy<6>)
     XORCY:CI->O           1   0.699   0.426  Madd_soma_8_addsub0000_xor<7> (soma_8_addsub0000<7>)
     LUT2:I1->O            1   0.612   0.000  vector_out_1_not0000<7>1 (vector_out_1_not0000<7>)
     MUXCY:S->O            1   0.404   0.000  Madd_vector_out_1_sub0000_cy<7> (Madd_vector_out_1_sub0000_cy<7>)
     MUXCY:CI->O           1   0.051   0.000  Madd_vector_out_1_sub0000_cy<8> (Madd_vector_out_1_sub0000_cy<8>)
     MUXCY:CI->O           1   0.051   0.000  Madd_vector_out_1_sub0000_cy<9> (Madd_vector_out_1_sub0000_cy<9>)
     MUXCY:CI->O           1   0.051   0.000  Madd_vector_out_1_sub0000_cy<10> (Madd_vector_out_1_sub0000_cy<10>)
     MUXCY:CI->O           1   0.051   0.000  Madd_vector_out_1_sub0000_cy<11> (Madd_vector_out_1_sub0000_cy<11>)
     MUXCY:CI->O           1   0.051   0.000  Madd_vector_out_1_sub0000_cy<12> (Madd_vector_out_1_sub0000_cy<12>)
     MUXCY:CI->O           1   0.051   0.000  Madd_vector_out_1_sub0000_cy<13> (Madd_vector_out_1_sub0000_cy<13>)
     MUXCY:CI->O           1   0.051   0.000  Madd_vector_out_1_sub0000_cy<14> (Madd_vector_out_1_sub0000_cy<14>)
     MUXCY:CI->O           1   0.051   0.000  Madd_vector_out_1_sub0000_cy<15> (Madd_vector_out_1_sub0000_cy<15>)
     MUXCY:CI->O           1   0.051   0.000  Madd_vector_out_1_sub0000_cy<16> (Madd_vector_out_1_sub0000_cy<16>)
     MUXCY:CI->O           1   0.051   0.000  Madd_vector_out_1_sub0000_cy<17> (Madd_vector_out_1_sub0000_cy<17>)
     MUXCY:CI->O           1   0.051   0.000  Madd_vector_out_1_sub0000_cy<18> (Madd_vector_out_1_sub0000_cy<18>)
     MUXCY:CI->O           1   0.051   0.000  Madd_vector_out_1_sub0000_cy<19> (Madd_vector_out_1_sub0000_cy<19>)
     MUXCY:CI->O           1   0.051   0.000  Madd_vector_out_1_sub0000_cy<20> (Madd_vector_out_1_sub0000_cy<20>)
     MUXCY:CI->O           1   0.051   0.000  Madd_vector_out_1_sub0000_cy<21> (Madd_vector_out_1_sub0000_cy<21>)
     MUXCY:CI->O           1   0.051   0.000  Madd_vector_out_1_sub0000_cy<22> (Madd_vector_out_1_sub0000_cy<22>)
     MUXCY:CI->O           1   0.051   0.000  Madd_vector_out_1_sub0000_cy<23> (Madd_vector_out_1_sub0000_cy<23>)
     MUXCY:CI->O           1   0.051   0.000  Madd_vector_out_1_sub0000_cy<24> (Madd_vector_out_1_sub0000_cy<24>)
     MUXCY:CI->O           1   0.051   0.000  Madd_vector_out_1_sub0000_cy<25> (Madd_vector_out_1_sub0000_cy<25>)
     MUXCY:CI->O           1   0.051   0.000  Madd_vector_out_1_sub0000_cy<26> (Madd_vector_out_1_sub0000_cy<26>)
     MUXCY:CI->O           1   0.051   0.000  Madd_vector_out_1_sub0000_cy<27> (Madd_vector_out_1_sub0000_cy<27>)
     MUXCY:CI->O           1   0.051   0.000  Madd_vector_out_1_sub0000_cy<28> (Madd_vector_out_1_sub0000_cy<28>)
     XORCY:CI->O           8   0.699   0.795  Madd_vector_out_1_sub0000_xor<29> (vector_out_1_sub0000<29>)
     LUT2:I0->O            1   0.612   0.000  Mcompar_vector_out_1_cmp_le0000_lut<7> (Mcompar_vector_out_1_cmp_le0000_lut<7>)
     MUXCY:S->O            1   0.404   0.000  Mcompar_vector_out_1_cmp_le0000_cy<7> (Mcompar_vector_out_1_cmp_le0000_cy<7>)
     MUXCY:CI->O           1   0.399   0.357  Mcompar_vector_out_1_cmp_le0000_cy<8> (vector_out_1_OBUF)
     OBUF:I->O                 3.169          vector_out_1_OBUF (vector_out<1>)
    ----------------------------------------
    Total                     25.573ns (20.492ns logic, 5.080ns route)
                                       (80.1% logic, 19.9% route)

=========================================================================


Total REAL time to Xst completion: 3.00 secs
Total CPU time to Xst completion: 2.76 secs
 
--> 


Total memory usage is 517848 kilobytes

Number of errors   :    0 (   0 filtered)
Number of warnings :    1 (   0 filtered)
Number of infos    :    0 (   0 filtered)

