Release 14.7 - xst P.20131013 (lin64)
Copyright (c) 1995-2013 Xilinx, Inc.  All rights reserved.
--> 
Parameter TMPDIR set to xst/projnav.tmp


Total REAL time to Xst completion: 0.00 secs
Total CPU time to Xst completion: 0.04 secs
 
--> 
Parameter xsthdpdir set to xst


Total REAL time to Xst completion: 0.00 secs
Total CPU time to Xst completion: 0.04 secs
 
--> 
Reading design: somado_paralelo.prj

TABLE OF CONTENTS
  1) Synthesis Options Summary
  2) HDL Compilation
  3) Design Hierarchy Analysis
  4) HDL Analysis
  5) HDL Synthesis
     5.1) HDL Synthesis Report
  6) Advanced HDL Synthesis
     6.1) Advanced HDL Synthesis Report
  7) Low Level Synthesis
  8) Partition Report
  9) Final Report
	9.1) Device utilization summary
	9.2) Partition Resource Summary
	9.3) TIMING REPORT


=========================================================================
*                      Synthesis Options Summary                        *
=========================================================================
---- Source Parameters
Input File Name                    : "somado_paralelo.prj"
Input Format                       : mixed
Ignore Synthesis Constraint File   : NO

---- Target Parameters
Output File Name                   : "somado_paralelo"
Output Format                      : NGC
Target Device                      : xc3s500e-5-fg320

---- Source Options
Top Module Name                    : somado_paralelo
Automatic FSM Extraction           : YES
FSM Encoding Algorithm             : Auto
Safe Implementation                : No
FSM Style                          : LUT
RAM Extraction                     : Yes
RAM Style                          : Auto
ROM Extraction                     : Yes
Mux Style                          : Auto
Decoder Extraction                 : YES
Priority Encoder Extraction        : Yes
Shift Register Extraction          : YES
Logical Shifter Extraction         : YES
XOR Collapsing                     : YES
ROM Style                          : Auto
Mux Extraction                     : Yes
Resource Sharing                   : YES
Asynchronous To Synchronous        : NO
Multiplier Style                   : Auto
Automatic Register Balancing       : No

---- Target Options
Add IO Buffers                     : YES
Global Maximum Fanout              : 500
Add Generic Clock Buffer(BUFG)     : 24
Register Duplication               : YES
Slice Packing                      : YES
Optimize Instantiated Primitives   : NO
Use Clock Enable                   : Yes
Use Synchronous Set                : Yes
Use Synchronous Reset              : Yes
Pack IO Registers into IOBs        : Auto
Equivalent register Removal        : YES

---- General Options
Optimization Goal                  : Speed
Optimization Effort                : 1
Keep Hierarchy                     : No
Netlist Hierarchy                  : As_Optimized
RTL Output                         : Yes
Global Optimization                : AllClockNets
Read Cores                         : YES
Write Timing Constraints           : NO
Cross Clock Analysis               : NO
Hierarchy Separator                : /
Bus Delimiter                      : <>
Case Specifier                     : Maintain
Slice Utilization Ratio            : 100
BRAM Utilization Ratio             : 100
Verilog 2001                       : YES
Auto BRAM Packing                  : NO
Slice Utilization Ratio Delta      : 5

=========================================================================


=========================================================================
*                          HDL Compilation                              *
=========================================================================
Compiling vhdl file "/home/pedrot/Desktop/microeletronica/Exemplos da aula/ex2_componente/somador_complexo.vhd" in Library work.
Entity <somador_complexo> compiled.
Entity <somador_complexo> (Architecture <Behavioral>) compiled.
Compiling vhdl file "/home/pedrot/Desktop/microeletronica/Exemplos da aula/ex2_componente/somado_paralelo.vhd" in Library work.
Entity <somado_paralelo> compiled.
Entity <somado_paralelo> (Architecture <Behavioral>) compiled.

=========================================================================
*                     Design Hierarchy Analysis                         *
=========================================================================
Analyzing hierarchy for entity <somado_paralelo> in library <work> (architecture <Behavioral>) with generics.
	N = 4

Analyzing hierarchy for entity <somador_complexo> in library <work> (architecture <Behavioral>).


=========================================================================
*                            HDL Analysis                               *
=========================================================================
Analyzing generic Entity <somado_paralelo> in library <work> (Architecture <Behavioral>).
	N = 4
Entity <somado_paralelo> analyzed. Unit <somado_paralelo> generated.

Analyzing Entity <somador_complexo> in library <work> (Architecture <Behavioral>).
Entity <somador_complexo> analyzed. Unit <somador_complexo> generated.


=========================================================================
*                           HDL Synthesis                               *
=========================================================================

Performing bidirectional port resolution...

Synthesizing Unit <somador_complexo>.
    Related source file is "/home/pedrot/Desktop/microeletronica/Exemplos da aula/ex2_componente/somador_complexo.vhd".
    Found 1-bit xor3 for signal <soma>.
    Summary:
	inferred   1 Xor(s).
Unit <somador_complexo> synthesized.


Synthesizing Unit <somado_paralelo>.
    Related source file is "/home/pedrot/Desktop/microeletronica/Exemplos da aula/ex2_componente/somado_paralelo.vhd".
WARNING:Xst:1306 - Output <cout> is never assigned.
WARNING:Xst:646 - Signal <carry<4>> is assigned but never used. This unconnected signal will be trimmed during the optimization process.
Unit <somado_paralelo> synthesized.


=========================================================================
HDL Synthesis Report

Macro Statistics
# Xors                                                 : 4
 1-bit xor3                                            : 4

=========================================================================

=========================================================================
*                       Advanced HDL Synthesis                          *
=========================================================================


=========================================================================
Advanced HDL Synthesis Report

Macro Statistics
# Xors                                                 : 4
 1-bit xor3                                            : 4

=========================================================================

=========================================================================
*                         Low Level Synthesis                           *
=========================================================================

Optimizing unit <somado_paralelo> ...

Mapping all equations...
Building and optimizing final netlist ...
Found area constraint ratio of 100 (+ 5) on block somado_paralelo, actual ratio is 0.

Final Macro Processing ...

=========================================================================
Final Register Report

Found no macro
=========================================================================

=========================================================================
*                           Partition Report                            *
=========================================================================

Partition Implementation Status
-------------------------------

  No Partitions were found in this design.

-------------------------------

=========================================================================
*                            Final Report                               *
=========================================================================
Final Results
RTL Top Level Output File Name     : somado_paralelo.ngr
Top Level Output File Name         : somado_paralelo
Output Format                      : NGC
Optimization Goal                  : Speed
Keep Hierarchy                     : No

Design Statistics
# IOs                              : 14

Cell Usage :
# BELS                             : 8
#      LUT3                        : 5
#      LUT4                        : 2
#      MUXF5                       : 1
# IO Buffers                       : 13
#      IBUF                        : 9
#      OBUF                        : 4
=========================================================================

Device utilization summary:
---------------------------

Selected Device : 3s500efg320-5 

 Number of Slices:                        4  out of   4656     0%  
 Number of 4 input LUTs:                  7  out of   9312     0%  
 Number of IOs:                          14
 Number of bonded IOBs:                  13  out of    232     5%  

---------------------------
Partition Resource Summary:
---------------------------

  No Partitions were found in this design.

---------------------------


=========================================================================
TIMING REPORT

NOTE: THESE TIMING NUMBERS ARE ONLY A SYNTHESIS ESTIMATE.
      FOR ACCURATE TIMING INFORMATION PLEASE REFER TO THE TRACE REPORT
      GENERATED AFTER PLACE-and-ROUTE.

Clock Information:
------------------
No clock signals found in this design

Asynchronous Control Signals Information:
----------------------------------------
No asynchronous control signals found in this design

Timing Summary:
---------------
Speed Grade: -5

   Minimum period: No path found
   Minimum input arrival time before clock: No path found
   Maximum output required time after clock: No path found
   Maximum combinational path delay: 7.859ns

Timing Detail:
--------------
All values displayed in nanoseconds (ns)

=========================================================================
Timing constraint: Default path analysis
  Total number of paths / destination ports: 28 / 4
-------------------------------------------------------------------------
Delay:               7.859ns (Levels of Logic = 5)
  Source:            b<0> (PAD)
  Destination:       s<2> (PAD)

  Data Path: b<0> to s<2>
                                Gate     Net
    Cell:in->out      fanout   Delay   Delay  Logical Name (Net Name)
    ----------------------------------------  ------------
     IBUF:I->O             2   1.106   0.532  b_0_IBUF (b_0_IBUF)
     LUT3:I0->O            2   0.612   0.449  gen_adder[0].FA/cout1 (carry<1>)
     LUT3:I1->O            2   0.612   0.410  gen_adder[1].FA/cout1 (carry<2>)
     LUT3:I2->O            1   0.612   0.357  gen_adder[2].FA/Mxor_soma_xo<0>1 (s_2_OBUF)
     OBUF:I->O                 3.169          s_2_OBUF (s<2>)
    ----------------------------------------
    Total                      7.859ns (6.111ns logic, 1.748ns route)
                                       (77.8% logic, 22.2% route)

=========================================================================


Total REAL time to Xst completion: 5.00 secs
Total CPU time to Xst completion: 4.58 secs
 
--> 


Total memory usage is 512816 kilobytes

Number of errors   :    0 (   0 filtered)
Number of warnings :    2 (   0 filtered)
Number of infos    :    0 (   0 filtered)

