Command line:
   reg_mux_isim_beh.exe
     -simmode  gui
     -simrunnum  0
     -socket  55759

Tue Nov 22 08:53:43 2022


 Elaboration Time: 0.12 sec

 Current Memory Usage: 229.454 Meg

 Total Signals          : 9
 Total Nets             : 31
 Total Signal Drivers   : 3
 Total Blocks           : 2
 Total Primitive Blocks : 2
 Total Processes        : 3
 Total Traceable Variables  : 8
 Total Scalar Nets and Variables : 391
Total Line Count : 4

 Total Simulation Time: 0.14 sec

 Current Memory Usage: 304.955 Meg

Tue Nov 22 08:53:54 2022

