Command line:
   bcd7E_tb_isim_beh.exe
     -simmode  gui
     -simrunnum  0
     -socket  35379

Tue Nov 22 12:07:59 2022


 Elaboration Time: 0.02 sec

 Current Memory Usage: 229.454 Meg

 Total Signals          : 24
 Total Nets             : 12
 Total Signal Drivers   : 12
 Total Blocks           : 3
 Total Primitive Blocks : 2
 Total Processes        : 12
 Total Traceable Variables  : 8
 Total Scalar Nets and Variables : 372
Total Line Count : 12

 Total Simulation Time: 0.06 sec

 Current Memory Usage: 304.955 Meg

Tue Nov 22 12:08:25 2022

