Command line:
   reg_mux_2_tb_isim_beh.exe
     -simmode  gui
     -simrunnum  0
     -socket  33873

Sun Nov 20 14:45:03 2022


 Elaboration Time: 0.12 sec

 Current Memory Usage: 229.45 Meg

 Total Signals          : 17
 Total Nets             : 10
 Total Signal Drivers   : 9
 Total Blocks           : 3
 Total Primitive Blocks : 2
 Total Processes        : 9
 Total Traceable Variables  : 8
 Total Scalar Nets and Variables : 370
Total Line Count : 10

 Total Simulation Time: 0.16 sec

 Current Memory Usage: 304.951 Meg

Sun Nov 20 14:46:00 2022

