Release 14.7 Map P.20131013 (lin64)
Xilinx Mapping Report File for Design 'projeto_final'

Design Information
------------------
Command Line   : map -intstyle ise -p xc3s500e-fg320-5 -cm area -ir off -pr off
-c 100 -o projeto_final_map.ncd projeto_final.ngd projeto_final.pcf 
Target Device  : xc3s500e
Target Package : fg320
Target Speed   : -5
Mapper Version : spartan3e -- $Revision: 1.55 $
Mapped Date    : Wed Feb  1 10:54:58 2023

Design Summary
--------------
Number of errors   :   2
Number of warnings :   0

Section 1 - Errors
------------------
ERROR:Map:116 - The design is empty.  No processing will be done.
ERROR:Map:52 - Problem encountered processing RPMs.



Section 2 - Warnings
--------------------

Section 3 - Informational
-------------------------
