--------------------------------------------------------------------------------
Release 14.7 Trace  (lin64)
Copyright (c) 1995-2013 Xilinx, Inc.  All rights reserved.

/home/pedrot/Desktop/14.7/ISE_DS/ISE/bin/lin64/unwrapped/trce -intstyle ise -v
3 -s 5 -n 3 -fastpaths -xml selecionar_tempo.twx selecionar_tempo.ncd -o
selecionar_tempo.twr selecionar_tempo.pcf

Design file:              selecionar_tempo.ncd
Physical constraint file: selecionar_tempo.pcf
Device,package,speed:     xc3s500e,fg320,-5 (PRODUCTION 1.27 2013-10-13)
Report level:             verbose report

Environment Variable      Effect 
--------------------      ------ 
NONE                      No environment variables were set
--------------------------------------------------------------------------------

INFO:Timing:2698 - No timing constraints found, doing default enumeration.
INFO:Timing:3412 - To improve timing, see the Timing Closure User Guide (UG612).
INFO:Timing:2752 - To get complete path coverage, use the unconstrained paths 
   option. All paths that are not constrained will be reported in the 
   unconstrained paths section(s) of the report.
INFO:Timing:3339 - The clock-to-out numbers in this timing report are based on 
   a 50 Ohm transmission line loading model.  For the details of this model, 
   and for more information on accounting for different loading conditions, 
   please see the device datasheet.
INFO:Timing:3390 - This architecture does not support a default System Jitter 
   value, please add SYSTEM_JITTER constraint to the UCF to modify the Clock 
   Uncertainty calculation.
INFO:Timing:3389 - This architecture does not support 'Discrete Jitter' and 
   'Phase Error' calculations, these terms will be zero in the Clock 
   Uncertainty calculation.  Please make appropriate modification to 
   SYSTEM_JITTER to account for the unsupported Discrete Jitter and Phase 
   Error.



Data Sheet report:
-----------------
All values displayed in nanoseconds (ns)

Setup/Hold to clock clk
------------+------------+------------+------------------+--------+
            |Max Setup to|Max Hold to |                  | Clock  |
Source      | clk (edge) | clk (edge) |Internal Clock(s) | Phase  |
------------+------------+------------+------------------+--------+
sel         |    2.826(R)|    0.949(R)|clk_BUFGP         |   0.000|
------------+------------+------------+------------------+--------+

Clock clk to Pad
------------+------------+------------------+--------+
            | clk (edge) |                  | Clock  |
Destination |   to PAD   |Internal Clock(s) | Phase  |
------------+------------+------------------+--------+
ANODO<0>    |    7.001(R)|clk_BUFGP         |   0.000|
ANODO<1>    |    6.949(R)|clk_BUFGP         |   0.000|
ANODO<2>    |    7.290(R)|clk_BUFGP         |   0.000|
ANODO<3>    |    6.484(R)|clk_BUFGP         |   0.000|
saida<0>    |    9.299(R)|clk_BUFGP         |   0.000|
saida<1>    |    9.635(R)|clk_BUFGP         |   0.000|
saida<2>    |    9.087(R)|clk_BUFGP         |   0.000|
saida<3>    |    9.569(R)|clk_BUFGP         |   0.000|
saida<4>    |    9.426(R)|clk_BUFGP         |   0.000|
saida<5>    |    9.058(R)|clk_BUFGP         |   0.000|
saida<6>    |    9.883(R)|clk_BUFGP         |   0.000|
------------+------------+------------------+--------+

Clock to Setup on destination clock clk
---------------+---------+---------+---------+---------+
               | Src:Rise| Src:Fall| Src:Rise| Src:Fall|
Source Clock   |Dest:Rise|Dest:Rise|Dest:Fall|Dest:Fall|
---------------+---------+---------+---------+---------+
clk            |    8.806|         |         |         |
---------------+---------+---------+---------+---------+


Analysis completed Thu Feb  2 20:25:47 2023 
--------------------------------------------------------------------------------

Trace Settings:
-------------------------
Trace Settings 

Peak Memory Usage: 350 MB



