Release 14.7 - xst P.20131013 (lin64)
Copyright (c) 1995-2013 Xilinx, Inc.  All rights reserved.
--> 
Parameter TMPDIR set to xst/projnav.tmp


Total REAL time to Xst completion: 0.00 secs
Total CPU time to Xst completion: 0.04 secs
 
--> 
Parameter xsthdpdir set to xst


Total REAL time to Xst completion: 0.00 secs
Total CPU time to Xst completion: 0.04 secs
 
--> 
Reading design: temporizador1.prj

TABLE OF CONTENTS
  1) Synthesis Options Summary
  2) HDL Compilation
  3) Design Hierarchy Analysis
  4) HDL Analysis
  5) HDL Synthesis
     5.1) HDL Synthesis Report
  6) Advanced HDL Synthesis
     6.1) Advanced HDL Synthesis Report
  7) Low Level Synthesis
  8) Partition Report
  9) Final Report
	9.1) Device utilization summary
	9.2) Partition Resource Summary
	9.3) TIMING REPORT


=========================================================================
*                      Synthesis Options Summary                        *
=========================================================================
---- Source Parameters
Input File Name                    : "temporizador1.prj"
Input Format                       : mixed
Ignore Synthesis Constraint File   : NO

---- Target Parameters
Output File Name                   : "temporizador1"
Output Format                      : NGC
Target Device                      : xc3s500e-5-fg320

---- Source Options
Top Module Name                    : temporizador1
Automatic FSM Extraction           : YES
FSM Encoding Algorithm             : Auto
Safe Implementation                : No
FSM Style                          : LUT
RAM Extraction                     : Yes
RAM Style                          : Auto
ROM Extraction                     : Yes
Mux Style                          : Auto
Decoder Extraction                 : YES
Priority Encoder Extraction        : Yes
Shift Register Extraction          : YES
Logical Shifter Extraction         : YES
XOR Collapsing                     : YES
ROM Style                          : Auto
Mux Extraction                     : Yes
Resource Sharing                   : YES
Asynchronous To Synchronous        : NO
Multiplier Style                   : Auto
Automatic Register Balancing       : No

---- Target Options
Add IO Buffers                     : YES
Global Maximum Fanout              : 100000
Add Generic Clock Buffer(BUFG)     : 24
Register Duplication               : YES
Slice Packing                      : YES
Optimize Instantiated Primitives   : NO
Use Clock Enable                   : Yes
Use Synchronous Set                : Yes
Use Synchronous Reset              : Yes
Pack IO Registers into IOBs        : Auto
Equivalent register Removal        : YES

---- General Options
Optimization Goal                  : Speed
Optimization Effort                : 1
Keep Hierarchy                     : No
Netlist Hierarchy                  : As_Optimized
RTL Output                         : Yes
Global Optimization                : AllClockNets
Read Cores                         : YES
Write Timing Constraints           : NO
Cross Clock Analysis               : NO
Hierarchy Separator                : /
Bus Delimiter                      : <>
Case Specifier                     : Maintain
Slice Utilization Ratio            : 100
BRAM Utilization Ratio             : 100
Verilog 2001                       : YES
Auto BRAM Packing                  : NO
Slice Utilization Ratio Delta      : 5

=========================================================================


=========================================================================
*                          HDL Compilation                              *
=========================================================================
Compiling vhdl file "/home/pedrot/Desktop/microeletronica/Lab 4/temporizador1/temporizador1.vhd" in Library work.
Entity <temporizador1> compiled.
Entity <temporizador1> (Architecture <behavioral>) compiled.

=========================================================================
*                     Design Hierarchy Analysis                         *
=========================================================================
Analyzing hierarchy for entity <temporizador1> in library <work> (architecture <behavioral>).


=========================================================================
*                            HDL Analysis                               *
=========================================================================
Analyzing Entity <temporizador1> in library <work> (Architecture <behavioral>).
Entity <temporizador1> analyzed. Unit <temporizador1> generated.


=========================================================================
*                           HDL Synthesis                               *
=========================================================================

Performing bidirectional port resolution...

Synthesizing Unit <temporizador1>.
    Related source file is "/home/pedrot/Desktop/microeletronica/Lab 4/temporizador1/temporizador1.vhd".
    Found 16x7-bit ROM for signal <ssd>.
    Found 4-bit up counter for signal <display>.
    Found 32-bit adder for signal <display$add0000> created at line 55.
    Found 4-bit adder for signal <display$addsub0000> created at line 58.
    Found 4-bit comparator greater for signal <display$cmp_gt0000> created at line 59.
    Found 32-bit comparator less for signal <display$cmp_lt0000> created at line 56.
    Found 1-bit register for signal <pause>.
    Found 18-bit adder for signal <pause$addsub0000> created at line 31.
    Found 18-bit comparator less for signal <pause$cmp_lt0000> created at line 33.
    Found 18-bit up counter for signal <ticks>.
    Found 32-bit up counter for signal <ticks0>.
    Found 32-bit comparator greatequal for signal <ticks0$cmp_ge0000> created at line 56.
    Summary:
	inferred   1 ROM(s).
	inferred   3 Counter(s).
	inferred   1 D-type flip-flop(s).
	inferred   3 Adder/Subtractor(s).
	inferred   4 Comparator(s).
Unit <temporizador1> synthesized.


=========================================================================
HDL Synthesis Report

Macro Statistics
# ROMs                                                 : 1
 16x7-bit ROM                                          : 1
# Adders/Subtractors                                   : 3
 18-bit adder                                          : 1
 32-bit adder                                          : 1
 4-bit adder                                           : 1
# Counters                                             : 3
 18-bit up counter                                     : 1
 32-bit up counter                                     : 1
 4-bit up counter                                      : 1
# Registers                                            : 1
 1-bit register                                        : 1
# Comparators                                          : 4
 18-bit comparator less                                : 1
 32-bit comparator greatequal                          : 1
 32-bit comparator less                                : 1
 4-bit comparator greater                              : 1

=========================================================================

=========================================================================
*                       Advanced HDL Synthesis                          *
=========================================================================


=========================================================================
Advanced HDL Synthesis Report

Macro Statistics
# ROMs                                                 : 1
 16x7-bit ROM                                          : 1
# Adders/Subtractors                                   : 3
 18-bit adder                                          : 1
 32-bit adder                                          : 1
 4-bit adder                                           : 1
# Counters                                             : 3
 18-bit up counter                                     : 1
 32-bit up counter                                     : 1
 4-bit up counter                                      : 1
# Registers                                            : 1
 Flip-Flops                                            : 1
# Comparators                                          : 4
 18-bit comparator less                                : 1
 32-bit comparator greatequal                          : 1
 32-bit comparator less                                : 1
 4-bit comparator greater                              : 1

=========================================================================

=========================================================================
*                         Low Level Synthesis                           *
=========================================================================

Optimizing unit <temporizador1> ...

Mapping all equations...
Building and optimizing final netlist ...
Found area constraint ratio of 100 (+ 5) on block temporizador1, actual ratio is 1.

Final Macro Processing ...

=========================================================================
Final Register Report

Macro Statistics
# Registers                                            : 55
 Flip-Flops                                            : 55

=========================================================================

=========================================================================
*                           Partition Report                            *
=========================================================================

Partition Implementation Status
-------------------------------

  No Partitions were found in this design.

-------------------------------

=========================================================================
*                            Final Report                               *
=========================================================================
Final Results
RTL Top Level Output File Name     : temporizador1.ngr
Top Level Output File Name         : temporizador1
Output Format                      : NGC
Optimization Goal                  : Speed
Keep Hierarchy                     : No

Design Statistics
# IOs                              : 14

Cell Usage :
# BELS                             : 344
#      GND                         : 1
#      INV                         : 14
#      LUT1                        : 71
#      LUT2                        : 4
#      LUT3                        : 33
#      LUT4                        : 15
#      MUXCY                       : 117
#      VCC                         : 1
#      XORCY                       : 88
# FlipFlops/Latches                : 55
#      FDCE                        : 36
#      FDE                         : 1
#      FDR                         : 18
# Clock Buffers                    : 1
#      BUFGP                       : 1
# IO Buffers                       : 13
#      IBUF                        : 2
#      OBUF                        : 11
=========================================================================

Device utilization summary:
---------------------------

Selected Device : 3s500efg320-5 

 Number of Slices:                       75  out of   4656     1%  
 Number of Slice Flip Flops:             55  out of   9312     0%  
 Number of 4 input LUTs:                137  out of   9312     1%  
 Number of IOs:                          14
 Number of bonded IOBs:                  14  out of    232     6%  
 Number of GCLKs:                         1  out of     24     4%  

---------------------------
Partition Resource Summary:
---------------------------

  No Partitions were found in this design.

---------------------------


=========================================================================
TIMING REPORT

NOTE: THESE TIMING NUMBERS ARE ONLY A SYNTHESIS ESTIMATE.
      FOR ACCURATE TIMING INFORMATION PLEASE REFER TO THE TRACE REPORT
      GENERATED AFTER PLACE-and-ROUTE.

Clock Information:
------------------
-----------------------------------+------------------------+-------+
Clock Signal                       | Clock buffer(FF name)  | Load  |
-----------------------------------+------------------------+-------+
clk                                | BUFGP                  | 55    |
-----------------------------------+------------------------+-------+

Asynchronous Control Signals Information:
----------------------------------------
-----------------------------------+------------------------+-------+
Control Signal                     | Buffer(FF name)        | Load  |
-----------------------------------+------------------------+-------+
rst                                | IBUF                   | 36    |
-----------------------------------+------------------------+-------+

Timing Summary:
---------------
Speed Grade: -5

   Minimum period: 10.610ns (Maximum Frequency: 94.252MHz)
   Minimum input arrival time before clock: 3.801ns
   Maximum output required time after clock: 5.597ns
   Maximum combinational path delay: No path found

Timing Detail:
--------------
All values displayed in nanoseconds (ns)

=========================================================================
Timing constraint: Default period analysis for Clock 'clk'
  Clock period: 10.610ns (frequency: 94.252MHz)
  Total number of paths / destination ports: 282907 / 92
-------------------------------------------------------------------------
Delay:               10.610ns (Levels of Logic = 67)
  Source:            ticks0_1 (FF)
  Destination:       ticks0_31 (FF)
  Source Clock:      clk rising
  Destination Clock: clk rising

  Data Path: ticks0_1 to ticks0_31
                                Gate     Net
    Cell:in->out      fanout   Delay   Delay  Logical Name (Net Name)
    ----------------------------------------  ------------
     FDCE:C->Q             2   0.514   0.532  ticks0_1 (ticks0_1)
     LUT1:I0->O            1   0.612   0.000  Madd_display_add0000_cy<1>_rt (Madd_display_add0000_cy<1>_rt)
     MUXCY:S->O            1   0.404   0.000  Madd_display_add0000_cy<1> (Madd_display_add0000_cy<1>)
     MUXCY:CI->O           1   0.052   0.000  Madd_display_add0000_cy<2> (Madd_display_add0000_cy<2>)
     MUXCY:CI->O           1   0.052   0.000  Madd_display_add0000_cy<3> (Madd_display_add0000_cy<3>)
     MUXCY:CI->O           1   0.052   0.000  Madd_display_add0000_cy<4> (Madd_display_add0000_cy<4>)
     MUXCY:CI->O           1   0.052   0.000  Madd_display_add0000_cy<5> (Madd_display_add0000_cy<5>)
     MUXCY:CI->O           1   0.052   0.000  Madd_display_add0000_cy<6> (Madd_display_add0000_cy<6>)
     MUXCY:CI->O           1   0.052   0.000  Madd_display_add0000_cy<7> (Madd_display_add0000_cy<7>)
     MUXCY:CI->O           1   0.052   0.000  Madd_display_add0000_cy<8> (Madd_display_add0000_cy<8>)
     MUXCY:CI->O           1   0.052   0.000  Madd_display_add0000_cy<9> (Madd_display_add0000_cy<9>)
     MUXCY:CI->O           1   0.052   0.000  Madd_display_add0000_cy<10> (Madd_display_add0000_cy<10>)
     MUXCY:CI->O           1   0.052   0.000  Madd_display_add0000_cy<11> (Madd_display_add0000_cy<11>)
     MUXCY:CI->O           1   0.052   0.000  Madd_display_add0000_cy<12> (Madd_display_add0000_cy<12>)
     MUXCY:CI->O           1   0.051   0.000  Madd_display_add0000_cy<13> (Madd_display_add0000_cy<13>)
     MUXCY:CI->O           1   0.051   0.000  Madd_display_add0000_cy<14> (Madd_display_add0000_cy<14>)
     MUXCY:CI->O           1   0.051   0.000  Madd_display_add0000_cy<15> (Madd_display_add0000_cy<15>)
     MUXCY:CI->O           1   0.051   0.000  Madd_display_add0000_cy<16> (Madd_display_add0000_cy<16>)
     MUXCY:CI->O           1   0.051   0.000  Madd_display_add0000_cy<17> (Madd_display_add0000_cy<17>)
     MUXCY:CI->O           1   0.051   0.000  Madd_display_add0000_cy<18> (Madd_display_add0000_cy<18>)
     MUXCY:CI->O           1   0.051   0.000  Madd_display_add0000_cy<19> (Madd_display_add0000_cy<19>)
     MUXCY:CI->O           1   0.051   0.000  Madd_display_add0000_cy<20> (Madd_display_add0000_cy<20>)
     MUXCY:CI->O           1   0.051   0.000  Madd_display_add0000_cy<21> (Madd_display_add0000_cy<21>)
     MUXCY:CI->O           1   0.051   0.000  Madd_display_add0000_cy<22> (Madd_display_add0000_cy<22>)
     MUXCY:CI->O           1   0.051   0.000  Madd_display_add0000_cy<23> (Madd_display_add0000_cy<23>)
     MUXCY:CI->O           1   0.051   0.000  Madd_display_add0000_cy<24> (Madd_display_add0000_cy<24>)
     MUXCY:CI->O           1   0.051   0.000  Madd_display_add0000_cy<25> (Madd_display_add0000_cy<25>)
     MUXCY:CI->O           1   0.051   0.000  Madd_display_add0000_cy<26> (Madd_display_add0000_cy<26>)
     MUXCY:CI->O           1   0.051   0.000  Madd_display_add0000_cy<27> (Madd_display_add0000_cy<27>)
     MUXCY:CI->O           1   0.051   0.000  Madd_display_add0000_cy<28> (Madd_display_add0000_cy<28>)
     XORCY:CI->O           1   0.699   0.360  Madd_display_add0000_xor<29> (display_add0000<29>)
     LUT4:I3->O            1   0.612   0.000  Mcompar_ticks0_cmp_ge0000_lut<10> (Mcompar_ticks0_cmp_ge0000_lut<10>)
     MUXCY:S->O            1   0.404   0.000  Mcompar_ticks0_cmp_ge0000_cy<10> (Mcompar_ticks0_cmp_ge0000_cy<10>)
     MUXCY:CI->O           1   0.051   0.000  Mcompar_ticks0_cmp_ge0000_cy<11> (Mcompar_ticks0_cmp_ge0000_cy<11>)
     MUXCY:CI->O          34   0.399   1.103  Mcompar_ticks0_cmp_ge0000_cy<12> (ticks0_cmp_ge0000)
     LUT3:I2->O            1   0.612   0.000  Mcount_ticks0_lut<0> (Mcount_ticks0_lut<0>)
     MUXCY:S->O            1   0.404   0.000  Mcount_ticks0_cy<0> (Mcount_ticks0_cy<0>)
     MUXCY:CI->O           1   0.052   0.000  Mcount_ticks0_cy<1> (Mcount_ticks0_cy<1>)
     MUXCY:CI->O           1   0.052   0.000  Mcount_ticks0_cy<2> (Mcount_ticks0_cy<2>)
     MUXCY:CI->O           1   0.052   0.000  Mcount_ticks0_cy<3> (Mcount_ticks0_cy<3>)
     MUXCY:CI->O           1   0.052   0.000  Mcount_ticks0_cy<4> (Mcount_ticks0_cy<4>)
     MUXCY:CI->O           1   0.052   0.000  Mcount_ticks0_cy<5> (Mcount_ticks0_cy<5>)
     MUXCY:CI->O           1   0.052   0.000  Mcount_ticks0_cy<6> (Mcount_ticks0_cy<6>)
     MUXCY:CI->O           1   0.052   0.000  Mcount_ticks0_cy<7> (Mcount_ticks0_cy<7>)
     MUXCY:CI->O           1   0.052   0.000  Mcount_ticks0_cy<8> (Mcount_ticks0_cy<8>)
     MUXCY:CI->O           1   0.052   0.000  Mcount_ticks0_cy<9> (Mcount_ticks0_cy<9>)
     MUXCY:CI->O           1   0.052   0.000  Mcount_ticks0_cy<10> (Mcount_ticks0_cy<10>)
     MUXCY:CI->O           1   0.051   0.000  Mcount_ticks0_cy<11> (Mcount_ticks0_cy<11>)
     MUXCY:CI->O           1   0.051   0.000  Mcount_ticks0_cy<12> (Mcount_ticks0_cy<12>)
     MUXCY:CI->O           1   0.051   0.000  Mcount_ticks0_cy<13> (Mcount_ticks0_cy<13>)
     MUXCY:CI->O           1   0.051   0.000  Mcount_ticks0_cy<14> (Mcount_ticks0_cy<14>)
     MUXCY:CI->O           1   0.051   0.000  Mcount_ticks0_cy<15> (Mcount_ticks0_cy<15>)
     MUXCY:CI->O           1   0.051   0.000  Mcount_ticks0_cy<16> (Mcount_ticks0_cy<16>)
     MUXCY:CI->O           1   0.051   0.000  Mcount_ticks0_cy<17> (Mcount_ticks0_cy<17>)
     MUXCY:CI->O           1   0.051   0.000  Mcount_ticks0_cy<18> (Mcount_ticks0_cy<18>)
     MUXCY:CI->O           1   0.051   0.000  Mcount_ticks0_cy<19> (Mcount_ticks0_cy<19>)
     MUXCY:CI->O           1   0.051   0.000  Mcount_ticks0_cy<20> (Mcount_ticks0_cy<20>)
     MUXCY:CI->O           1   0.051   0.000  Mcount_ticks0_cy<21> (Mcount_ticks0_cy<21>)
     MUXCY:CI->O           1   0.051   0.000  Mcount_ticks0_cy<22> (Mcount_ticks0_cy<22>)
     MUXCY:CI->O           1   0.051   0.000  Mcount_ticks0_cy<23> (Mcount_ticks0_cy<23>)
     MUXCY:CI->O           1   0.051   0.000  Mcount_ticks0_cy<24> (Mcount_ticks0_cy<24>)
     MUXCY:CI->O           1   0.051   0.000  Mcount_ticks0_cy<25> (Mcount_ticks0_cy<25>)
     MUXCY:CI->O           1   0.051   0.000  Mcount_ticks0_cy<26> (Mcount_ticks0_cy<26>)
     MUXCY:CI->O           1   0.051   0.000  Mcount_ticks0_cy<27> (Mcount_ticks0_cy<27>)
     MUXCY:CI->O           1   0.051   0.000  Mcount_ticks0_cy<28> (Mcount_ticks0_cy<28>)
     MUXCY:CI->O           1   0.051   0.000  Mcount_ticks0_cy<29> (Mcount_ticks0_cy<29>)
     MUXCY:CI->O           0   0.051   0.000  Mcount_ticks0_cy<30> (Mcount_ticks0_cy<30>)
     XORCY:CI->O           1   0.699   0.000  Mcount_ticks0_xor<31> (Mcount_ticks031)
     FDCE:D                    0.268          ticks0_31
    ----------------------------------------
    Total                     10.610ns (8.615ns logic, 1.995ns route)
                                       (81.2% logic, 18.8% route)

=========================================================================
Timing constraint: Default OFFSET IN BEFORE for Clock 'clk'
  Total number of paths / destination ports: 19 / 19
-------------------------------------------------------------------------
Offset:              3.801ns (Levels of Logic = 2)
  Source:            pauseBTN (PAD)
  Destination:       ticks_0 (FF)
  Destination Clock: clk rising

  Data Path: pauseBTN to ticks_0
                                Gate     Net
    Cell:in->out      fanout   Delay   Delay  Logical Name (Net Name)
    ----------------------------------------  ------------
     IBUF:I->O             2   1.106   0.380  pauseBTN_IBUF (pauseBTN_IBUF)
     INV:I->O             18   0.612   0.908  pauseBTN_inv1_INV_0 (pauseBTN_inv)
     FDR:R                     0.795          ticks_0
    ----------------------------------------
    Total                      3.801ns (2.513ns logic, 1.288ns route)
                                       (66.1% logic, 33.9% route)

=========================================================================
Timing constraint: Default OFFSET OUT AFTER for Clock 'clk'
  Total number of paths / destination ports: 28 / 7
-------------------------------------------------------------------------
Offset:              5.597ns (Levels of Logic = 2)
  Source:            display_1 (FF)
  Destination:       ssd<6> (PAD)
  Source Clock:      clk rising

  Data Path: display_1 to ssd<6>
                                Gate     Net
    Cell:in->out      fanout   Delay   Delay  Logical Name (Net Name)
    ----------------------------------------  ------------
     FDCE:C->Q            11   0.514   0.945  display_1 (display_1)
     LUT4:I0->O            1   0.612   0.357  Mrom_ssd21 (ssd_2_OBUF)
     OBUF:I->O                 3.169          ssd_2_OBUF (ssd<2>)
    ----------------------------------------
    Total                      5.597ns (4.295ns logic, 1.302ns route)
                                       (76.7% logic, 23.3% route)

=========================================================================


Total REAL time to Xst completion: 3.00 secs
Total CPU time to Xst completion: 2.87 secs
 
--> 


Total memory usage is 515896 kilobytes

Number of errors   :    0 (   0 filtered)
Number of warnings :    0 (   0 filtered)
Number of infos    :    0 (   0 filtered)

